Operation: 123456789 / 2
n_msb = 1, m_s = 30864197.250000, n_s = 0.500000
x[1] = 0.500000
x[2] = 0.875000
x[3] = 1.367188
x[4] = 1.799774
x[5] = 1.979955
x[6] = 1.999799
x[7] = 2.000000
x[8] = 2.000000
x[9] = 2.000000
PASS: Q=61728394 (exp=0x3ade68a) , R=1 (exp=0x1)
Operation: 123456789 / 3
n_msb = 1, m_s = 30864197.250000, n_s = 0.750000
x[1] = 0.750000
x[2] = 1.078125
x[3] = 1.284485
x[4] = 1.331544
x[5] = 1.333331
x[6] = 1.333333
x[7] = 1.333333
Enter Cleanup: Q = 41152262 , R=3 (>= 3)
Q[8] = 41152263 , R=0
PASS: Q=41152263 (exp=0x273ef07) , R=0 (exp=0x0)
Operation: 123456789 / 4
n_msb = 2, m_s = 15432098.625000, n_s = 0.500000
x[1] = 0.500000
x[2] = 0.875000
x[3] = 1.367188
x[4] = 1.799774
x[5] = 1.979955
x[6] = 1.999799
x[7] = 2.000000
x[8] = 2.000000
x[9] = 2.000000
PASS: Q=30864197 (exp=0x1d6f345) , R=1 (exp=0x1)
Operation: 123456789 / 5
n_msb = 2, m_s = 15432098.625000, n_s = 0.625000
x[1] = 0.625000
x[2] = 1.005859
x[3] = 1.379373
x[4] = 1.569577
x[5] = 1.599422
x[6] = 1.600000
x[7] = 1.600000
x[8] = 1.600000
PASS: Q=24691357 (exp=0x178c29d) , R=4 (exp=0x4)
Operation: 123456789 / 6
n_msb = 2, m_s = 15432098.625000, n_s = 0.750000
x[1] = 0.750000
x[2] = 1.078125
x[3] = 1.284485
x[4] = 1.331544
x[5] = 1.333331
x[6] = 1.333333
x[7] = 1.333333
PASS: Q=20576131 (exp=0x139f783) , R=3 (exp=0x3)
Operation: 123456789 / 7
n_msb = 2, m_s = 15432098.625000, n_s = 0.875000
x[1] = 0.875000
x[2] = 1.080078
x[3] = 1.139409
x[4] = 1.142847
x[5] = 1.142857
x[6] = 1.142857
PASS: Q=17636684 (exp=0x10d1d4c) , R=1 (exp=0x1)
Operation: 123456789 / 8
n_msb = 3, m_s = 7716049.312500, n_s = 0.500000
x[1] = 0.500000
x[2] = 0.875000
x[3] = 1.367188
x[4] = 1.799774
x[5] = 1.979955
x[6] = 1.999799
x[7] = 2.000000
x[8] = 2.000000
x[9] = 2.000000
PASS: Q=15432098 (exp=0xeb79a2) , R=5 (exp=0x5)
Operation: 123456789 / 9
n_msb = 3, m_s = 7716049.312500, n_s = 0.562500
x[1] = 0.562500
x[2] = 0.947021
x[3] = 1.389565
x[4] = 1.693004
x[5] = 1.773735
x[6] = 1.777769
x[7] = 1.777778
x[8] = 1.777778
Enter Cleanup: Q = 13717420 , R=9 (>= 9)
Q[9] = 13717421 , R=0
PASS: Q=13717421 (exp=0xd14fad) , R=0 (exp=0x0)
