VCD info: dumpfile dump.vcd opened for output.
$readmemh(encoded.dat): Not enough words in the read file for requested range.
                 985packed data = 0x0000000000009995
                1255packed data = 0x0000000000009994
                1355packed data = 0x0000000000009993
                1425packed data = 0x0000000000009992
                1665packed data = 0x0000000000009999
                1735packed data = 0x0000000000009998
                1805packed data = 0x0000000000009997
                2065packed data = 0x0000000000009996
                2475packed data = 0x0000000000009987
                2545packed data = 0x0000000000009986
                2615packed data = 0x0000000000009985
                2865packed data = 0x0000000000009984
                2935packed data = 0x0000000000009991
                3005packed data = 0x0000000000009990
                3265packed data = 0x0000000000009989
                3335packed data = 0x0000000000009988
                3745packed data = 0x0000000000009979
                3815packed data = 0x0000000000009978
                4065packed data = 0x0000000000009977
                4135packed data = 0x0000000000009976
                4205packed data = 0x0000000000009983
                4465packed data = 0x0000000000009982
                4535packed data = 0x0000000000009981
                4605packed data = 0x0000000000009980
                5265packed data = 0x0000000000009971
                5335packed data = 0x0000000000009970
                5405packed data = 0x0000000000009969
                5665packed data = 0x0000000000009968
                5735packed data = 0x0000000000009975
                5805packed data = 0x0000000000009974
                6065packed data = 0x0000000000009973
                6135packed data = 0x0000000000009972
                6545packed data = 0x0000000000009963
                6615packed data = 0x0000000000009962
                6865packed data = 0x0000000000009961
                6935packed data = 0x0000000000009960
                7005packed data = 0x0000000000009967
                7265packed data = 0x0000000000009966
                7335packed data = 0x0000000000009965
                7405packed data = 0x0000000000009964
                8065packed data = 0x0000000000009955
                8135packed data = 0x0000000000009954
                8205packed data = 0x0000000000009953
                8465packed data = 0x0000000000009952
                8535packed data = 0x0000000000009959
                8605packed data = 0x0000000000009958
                8865packed data = 0x0000000000009957
                8935packed data = 0x0000000000009956
                9345packed data = 0x0000000000009947
                9415packed data = 0x0000000000009946
                9665packed data = 0x0000000000009945
                9735packed data = 0x0000000000009944
                9805packed data = 0x0000000000009951
               10065packed data = 0x0000000000009950
