     0::63792E8B B062F6F0 DEC27D5D 1DCBD4BA
     1::A2B1E26C DF930D39 42D5920E A5018627
     2::CBC45F8A 93B8B576 BC9A391F E724C60D
     3::6913CE58  2A39590 5A1A8F43 786BBBB3
     4:: 3FAD191 783B2381 754C3AEC 3FE01F80
     5:: E47CAD8 86929B78 F3D43023 431A4A83
     6::6C07CA35 425D7546 6AD32E13 9679D391
     7::E4EB223A AD6DD28B EE99AF39 8067AD25
     8::A9E223AC 2884502A D235DD1F FB3073B4
     9::BF0E6200 547EFEC8 29A467CF 4A6C9D57
    10::DBC23230 5D2D70DF  7EE4F88 59A88A34
    11::4534EB47 2B8F2BE4 4F2B6DE6 1D7C8CFA
    12::43389D9B 61113EDC 4E722976 906C2347
    13::6A0E2F3F FD9319DD 6ACF0FAC E086EBA5
    14::C45C380D 2AC34F6E 708233B7 A4337D76
    15::D55F6413 577C96BB 9C50A01A  F049D2C
    16::4148F76B F3055DEE 32298F0B 8874CB93
    17::61F317B9 FFA524D3 5096ACC8 31259B02
    18::B722939E   941DB8 841AD631 DCEE6B7B
    19::7031EC0A 5B9A3AF8 A4F8F4EC 57273CE2
    20::350F3863 2BAB81E8 89794D56 BC02A60D
    21::472BCA36 B4A4BAFF 31CC954F 36B11FCE
    22::94323980 C71D60AF 2BD85223 A4700EF4
    23::C2CDA276 325F3D4A 57BE6130 8E0ADD3A
    24::DF6CD399 9CC67347 4C8FE0E6 2339D1EB
    25:: 88EE955 78C4C0C7 FC863A23 965650CA
    26::FDA6F73D E4C8FC2F 9F1D70D0 20D74036
    27::96D331E9 9EBC0203 D2E1F99F FFF3E077
    28:: 4916AA3 6AE6A3EF  486A83C 6DBE0861
    29::34C2C115 82998362 50B053B9 9D670E71
    30:: 10E5A14 3A9D30AE AFB978F3 61AB0E54
    31::ACF9BC36  19E1F4A 5FB6AA0A 61072E5F
    32:: BF571B8 54344988 D2BF19DA D7BDBB00
    33::9D75A5C1 346418FB 59C7EA2D D3675F70
    34::A1A5C4F3 F2D37EE4 FFE95D62 DCBEA2AE
    35::F1B1BA04 BDA4973F 2DED4078 7337490F
    36:: 204F6FE 6638E0A5 43C159A8 3D86C3F0
    37::72AA82FB 7F36CFFC 9C003B39 A9ABE446
    38::B4A695B6 DD80B71C EBDA43A0 287F54CF
    39::BF51B06E 22749C4B 9001C9A5 B6D0881B
    40::29BB06D9 EF1566C9 6C0E9F8E 833EAD6F
    41::4881B64B F6E8BFFD 48BEDB6B F3BBE062
    42::9944C5CD 48014481  5953F4A 3DAE575D
    43::F1082171 2D2012C6 9C13FDD0 C2E273A9
    44::32B5677E FC05088B 9A34DAD5 ADA1C26C
    45::B947CAAA  D923515 2963ADD9 EF1C15BA
    46::D507B433 1C33BD4E A7D9C30C B098DE28
    47::DE6A2072 19E74F7D 6A8AB3F4 A0E818D4
    48::4F9FF345 6C0EBECA 592CFA06 6E7F59BD
    49::5FBE57A2 3238BC35 1E50F5E8 AB9C4288
    50::A210DAEC 19D81946 A91275B8 B33E74C3
    51::DC16B656 2B1A1603 673359C2 8C037D9A
    52::18CBE4B9 3167852F 7DCA1EDA 7B63BB13
    53::29984B2C  15D92CB 153443DE 669C0EED
    54::DE192CAA D96531CD FD72C343 11743656
    55::77D6EB62 21261FC1 2364FD22 AFEE8E32
    56::2B968423 B079BFC5 5E5EF2AD BAE7E59E
    57::67753C1E 17EE29DD 196623DF C332B305
    58::2820D479 BC1DEA38 CD70EF16 B850D7B6
    59::984AC7BB F7B93014 2EE1BB2E BF4D6FF6
    60::51055E6B C3E81899 1A2DA258 42B1A7E2
    61::7B5DCCC2 DC0B248D 6F6EB422 B020F5D7
    62::1495D485 F41C2A01 56F20407 7541E69A
    63::F943EB71 E5600D75 D43668FC E7D21788
