Blocksize = 4
Sorting starts
Case (rand, pwr=  6) : Elapsed       246,  wrong
Case ( rot, pwr=  6) : Elapsed       242,  wrong
Case (rand, pwr= 10) : Elapsed      6300,  wrong
Case ( rot, pwr= 10) : Elapsed      6264,  wrong
Case (rand, pwr= 14) : Elapsed    126788,  wrong
Case ( rot, pwr= 14) : Elapsed    125416,  wrong
Case (rand, pwr= 18) : Elapsed   2437980,  wrong
Case ( rot, pwr= 18) : Elapsed   2400726,  wrong
Relative Geometric Mean: 30.642673
Sorting completed

Blocksize = 2
Sorting starts
Case (rand, pwr=  6) : Elapsed       268,  correct
Case ( rot, pwr=  6) : Elapsed       265,  correct
Case (rand, pwr= 10) : Elapsed      6887,  correct
Case ( rot, pwr= 10) : Elapsed      6865,  correct
Case (rand, pwr= 14) : Elapsed    137952,  correct
Case ( rot, pwr= 14) : Elapsed    136431,  correct
Case (rand, pwr= 18) : Elapsed   2639609,  correct
Case ( rot, pwr= 18) : Elapsed   2599813,  correct
Relative Geometric Mean: 28.128606
Sorting completed
